0 info it worked if it ends with ok
1 verbose cli [ 'C:\\Program Files\\nodejs\\\\node.exe',
1 verbose cli   'C:\\Program Files\\nodejs\\node_modules\\npm\\bin\\npm-cli.js',
1 verbose cli   'install',
1 verbose cli   'child_process',
1 verbose cli   '--save-dev' ]
2 info using npm@1.3.8
3 info using node@v0.10.18
4 verbose node symlink C:\Program Files\nodejs\\node.exe
5 verbose readDependencies using package.json deps
6 verbose cache add [ 'child_process', null ]
7 verbose cache add name=undefined spec="child_process" args=["child_process",null]
8 verbose parsed url { protocol: null,
8 verbose parsed url   slashes: null,
8 verbose parsed url   auth: null,
8 verbose parsed url   host: null,
8 verbose parsed url   port: null,
8 verbose parsed url   hostname: null,
8 verbose parsed url   hash: null,
8 verbose parsed url   search: null,
8 verbose parsed url   query: null,
8 verbose parsed url   pathname: 'child_process',
8 verbose parsed url   path: 'child_process',
8 verbose parsed url   href: 'child_process' }
9 silly lockFile 4845fa97-child-process child_process
10 verbose lock child_process C:\Users\rafael.pedrola\AppData\Roaming\npm-cache\4845fa97-child-process.lock
11 silly lockFile 4845fa97-child-process child_process
12 silly lockFile 4845fa97-child-process child_process
13 verbose addNamed [ 'child_process', '' ]
14 verbose addNamed [ null, '*' ]
15 silly lockFile 512a7ef6-child-process child_process@
16 verbose lock child_process@ C:\Users\rafael.pedrola\AppData\Roaming\npm-cache\512a7ef6-child-process.lock
17 silly addNameRange { name: 'child_process', range: '*', hasData: false }
18 verbose url raw child_process
19 verbose url resolving [ 'https://registry.npmjs.org/', './child_process' ]
20 verbose url resolved https://registry.npmjs.org/child_process
21 info trying registry request attempt 1 at 15:02:21
22 http GET https://registry.npmjs.org/child_process
23 http 404 https://registry.npmjs.org/child_process
24 silly registry.get cb [ 404,
24 silly registry.get   { server: 'CouchDB/1.3.1 (Erlang OTP/R15B03)',
24 silly registry.get     date: 'Fri, 15 Nov 2013 14:02:25 GMT',
24 silly registry.get     'content-type': 'application/json',
24 silly registry.get     'content-length': '52',
24 silly registry.get     'cache-control': 'must-revalidate' } ]
25 silly lockFile 512a7ef6-child-process child_process@
26 silly lockFile 512a7ef6-child-process child_process@
27 error 404 'child_process' is not in the npm registry.
27 error 404 You should bug the author to publish it
27 error 404
27 error 404 Note that you can also install from a
27 error 404 tarball, folder, or http url, or git url.
28 error System Windows_NT 6.1.7601
29 error command "C:\\Program Files\\nodejs\\\\node.exe" "C:\\Program Files\\nodejs\\node_modules\\npm\\bin\\npm-cli.js" "install" "child_process" "--save-dev"
30 error cwd C:\proyectos\generator\Git-change-log
31 error node -v v0.10.18
32 error npm -v 1.3.8
33 error code E404
34 verbose exit [ 1, true ]
